2020-04-21 17:22:18 - dagster - DEBUG - complex_pipeline - 403a71d0-d37a-4aed-98d2-b4a64774dc5b - STEP_START - Started execution of step "display_results.compute".
               solid = "display_results"
    solid_definition = "display_results"
            step_key = "display_results.compute"
2020-04-21 17:22:18 - dagster - DEBUG - complex_pipeline - 403a71d0-d37a-4aed-98d2-b4a64774dc5b - STEP_INPUT - Got input "calorie_results" of type "Any". (Type check passed).
 event_specific_data = {"input_name": "calorie_results", "type_check_data": [true, "calorie_results", null, []]}
               solid = "display_results"
    solid_definition = "display_results"
            step_key = "display_results.compute"
2020-04-21 17:22:18 - dagster - DEBUG - complex_pipeline - 403a71d0-d37a-4aed-98d2-b4a64774dc5b - STEP_INPUT - Got input "protein_results" of type "Any". (Type check passed).
 event_specific_data = {"input_name": "protein_results", "type_check_data": [true, "protein_results", null, []]}
               solid = "display_results"
    solid_definition = "display_results"
            step_key = "display_results.compute"
2020-04-21 17:22:18 - dagster - INFO - system - 403a71d0-d37a-4aed-98d2-b4a64774dc5b - Least caloric cereal: Corn Flakes
               solid = "display_results"
    solid_definition = "display_results"
            step_key = "display_results.compute"
2020-04-21 17:22:18 - dagster - INFO - system - 403a71d0-d37a-4aed-98d2-b4a64774dc5b - Most caloric cereal: Strawberry Fruit Wheats
               solid = "display_results"
    solid_definition = "display_results"
            step_key = "display_results.compute"
2020-04-21 17:22:18 - dagster - INFO - system - 403a71d0-d37a-4aed-98d2-b4a64774dc5b - Least protein-rich cereal: Cap'n'Crunch
               solid = "display_results"
    solid_definition = "display_results"
            step_key = "display_results.compute"
2020-04-21 17:22:18 - dagster - INFO - system - 403a71d0-d37a-4aed-98d2-b4a64774dc5b - Most protein-rich cereal: Special K
               solid = "display_results"
    solid_definition = "display_results"
            step_key = "display_results.compute"
2020-04-21 17:22:18 - dagster - DEBUG - complex_pipeline - 403a71d0-d37a-4aed-98d2-b4a64774dc5b - STEP_OUTPUT - Yielded output "result" of type "Any". (Type check passed).
 event_specific_data = {"intermediate_materialization": null, "step_output_handle": ["display_results.compute", "result"], "type_check_data": [true, "result", null, []]}
               solid = "display_results"
    solid_definition = "display_results"
            step_key = "display_results.compute"
2020-04-21 17:22:18 - dagster - DEBUG - complex_pipeline - 403a71d0-d37a-4aed-98d2-b4a64774dc5b - STEP_SUCCESS - Finished execution of step "display_results.compute" in 46ms.
 event_specific_data = {"duration_ms": 46.037308999984816}
               solid = "display_results"
    solid_definition = "display_results"
            step_key = "display_results.compute"
