2020-04-20 19:22:21 - dagster - DEBUG - complex_pipeline - 2da4ff3b-f10f-414a-b4b1-8aebed6db4ae - STEP_START - Started execution of step "display_results.compute".
               solid = "display_results"
    solid_definition = "display_results"
            step_key = "display_results.compute"
2020-04-20 19:22:21 - dagster - DEBUG - complex_pipeline - 2da4ff3b-f10f-414a-b4b1-8aebed6db4ae - STEP_INPUT - Got input "calorie_results" of type "Any". (Type check passed).
 event_specific_data = {"input_name": "calorie_results", "type_check_data": [true, "calorie_results", null, []]}
               solid = "display_results"
    solid_definition = "display_results"
            step_key = "display_results.compute"
2020-04-20 19:22:21 - dagster - DEBUG - complex_pipeline - 2da4ff3b-f10f-414a-b4b1-8aebed6db4ae - STEP_INPUT - Got input "protein_results" of type "Any". (Type check passed).
 event_specific_data = {"input_name": "protein_results", "type_check_data": [true, "protein_results", null, []]}
               solid = "display_results"
    solid_definition = "display_results"
            step_key = "display_results.compute"
2020-04-20 19:22:21 - dagster - INFO - system - 2da4ff3b-f10f-414a-b4b1-8aebed6db4ae - Least caloric cereal: Corn Flakes
               solid = "display_results"
    solid_definition = "display_results"
            step_key = "display_results.compute"
2020-04-20 19:22:21 - dagster - INFO - system - 2da4ff3b-f10f-414a-b4b1-8aebed6db4ae - Most caloric cereal: Strawberry Fruit Wheats
               solid = "display_results"
    solid_definition = "display_results"
            step_key = "display_results.compute"
2020-04-20 19:22:21 - dagster - INFO - system - 2da4ff3b-f10f-414a-b4b1-8aebed6db4ae - Least protein-rich cereal: Cap'n'Crunch
               solid = "display_results"
    solid_definition = "display_results"
            step_key = "display_results.compute"
2020-04-20 19:22:21 - dagster - INFO - system - 2da4ff3b-f10f-414a-b4b1-8aebed6db4ae - Most protein-rich cereal: Special K
               solid = "display_results"
    solid_definition = "display_results"
            step_key = "display_results.compute"
2020-04-20 19:22:21 - dagster - DEBUG - complex_pipeline - 2da4ff3b-f10f-414a-b4b1-8aebed6db4ae - STEP_OUTPUT - Yielded output "result" of type "Any". (Type check passed).
 event_specific_data = {"intermediate_materialization": null, "step_output_handle": ["display_results.compute", "result"], "type_check_data": [true, "result", null, []]}
               solid = "display_results"
    solid_definition = "display_results"
            step_key = "display_results.compute"
2020-04-20 19:22:21 - dagster - DEBUG - complex_pipeline - 2da4ff3b-f10f-414a-b4b1-8aebed6db4ae - STEP_SUCCESS - Finished execution of step "display_results.compute" in 36ms.
 event_specific_data = {"duration_ms": 36.602046980988234}
               solid = "display_results"
    solid_definition = "display_results"
            step_key = "display_results.compute"
