2020-04-21 17:24:29 - dagster - DEBUG - hello_cereal_pipeline - daf3eb0f-1b07-436f-8aef-a2b2effa562a - STEP_START - Started execution of step "hello_cereal.compute".
               solid = "hello_cereal"
    solid_definition = "hello_cereal"
            step_key = "hello_cereal.compute"
2020-04-21 17:24:29 - dagster - INFO - system - daf3eb0f-1b07-436f-8aef-a2b2effa562a - /opt/dagster/pipelines/dagster_examples/cereal.csv
               solid = "hello_cereal"
    solid_definition = "hello_cereal"
            step_key = "hello_cereal.compute"
2020-04-21 17:24:29 - dagster - INFO - system - daf3eb0f-1b07-436f-8aef-a2b2effa562a - Found 77 cereals
               solid = "hello_cereal"
    solid_definition = "hello_cereal"
            step_key = "hello_cereal.compute"
2020-04-21 17:24:29 - dagster - DEBUG - hello_cereal_pipeline - daf3eb0f-1b07-436f-8aef-a2b2effa562a - STEP_OUTPUT - Yielded output "result" of type "Any". (Type check passed).
 event_specific_data = {"intermediate_materialization": null, "step_output_handle": ["hello_cereal.compute", "result"], "type_check_data": [true, "result", null, []]}
               solid = "hello_cereal"
    solid_definition = "hello_cereal"
            step_key = "hello_cereal.compute"
2020-04-21 17:24:29 - dagster - DEBUG - hello_cereal_pipeline - daf3eb0f-1b07-436f-8aef-a2b2effa562a - STEP_SUCCESS - Finished execution of step "hello_cereal.compute" in 23ms.
 event_specific_data = {"duration_ms": 23.800873999789474}
               solid = "hello_cereal"
    solid_definition = "hello_cereal"
            step_key = "hello_cereal.compute"
