2020-04-21 17:29:49 - dagster - DEBUG - hello_cereal_pipeline - a501bada-d143-4a98-a4a4-83f94c8140ab - STEP_START - Started execution of step "hello_cereal.compute".
               solid = "hello_cereal"
    solid_definition = "hello_cereal"
            step_key = "hello_cereal.compute"
2020-04-21 17:29:49 - dagster - INFO - system - a501bada-d143-4a98-a4a4-83f94c8140ab - /opt/dagster/pipelines/dagster_examples/cereal.csv
               solid = "hello_cereal"
    solid_definition = "hello_cereal"
            step_key = "hello_cereal.compute"
2020-04-21 17:29:49 - dagster - INFO - system - a501bada-d143-4a98-a4a4-83f94c8140ab - Found 77 cereals
               solid = "hello_cereal"
    solid_definition = "hello_cereal"
            step_key = "hello_cereal.compute"
2020-04-21 17:29:49 - dagster - DEBUG - hello_cereal_pipeline - a501bada-d143-4a98-a4a4-83f94c8140ab - STEP_OUTPUT - Yielded output "result" of type "Any". (Type check passed).
 event_specific_data = {"intermediate_materialization": null, "step_output_handle": ["hello_cereal.compute", "result"], "type_check_data": [true, "result", null, []]}
               solid = "hello_cereal"
    solid_definition = "hello_cereal"
            step_key = "hello_cereal.compute"
2020-04-21 17:29:49 - dagster - DEBUG - hello_cereal_pipeline - a501bada-d143-4a98-a4a4-83f94c8140ab - STEP_SUCCESS - Finished execution of step "hello_cereal.compute" in 24ms.
 event_specific_data = {"duration_ms": 24.447196000437543}
               solid = "hello_cereal"
    solid_definition = "hello_cereal"
            step_key = "hello_cereal.compute"
